[2026-01-02T07:47:17.837Z] Fetching inquiries for User: 69576b3b51436caa46288d39, Role: AGENT, isAdmin: false
[2026-01-02T07:47:17.838Z] Query: {"owner":"69576b3b51436caa46288d39"}
[2026-01-02T07:47:17.976Z] Found: 1
[2026-01-02T07:47:17.976Z] First ID: 695774a3c9390930ce0ffc6c
[2026-01-02T07:47:18.051Z] Fetching inquiries for User: 69576b3b51436caa46288d39, Role: AGENT, isAdmin: false
[2026-01-02T07:47:18.052Z] Query: {"owner":"69576b3b51436caa46288d39"}
[2026-01-02T07:47:18.188Z] Found: 1
[2026-01-02T07:47:18.189Z] First ID: 695774a3c9390930ce0ffc6c
[2026-01-02T07:48:06.196Z] Fetching inquiries for User: 69576b3b51436caa46288d39, Role: AGENT, isAdmin: false
[2026-01-02T07:48:06.198Z] Query: {"owner":"69576b3b51436caa46288d39"}
[2026-01-02T07:48:06.339Z] Found: 1
[2026-01-02T07:48:06.339Z] First ID: 695774a3c9390930ce0ffc6c
[2026-01-02T07:48:06.417Z] Fetching inquiries for User: 69576b3b51436caa46288d39, Role: AGENT, isAdmin: false
[2026-01-02T07:48:06.418Z] Query: {"owner":"69576b3b51436caa46288d39"}
[2026-01-02T07:48:06.550Z] Found: 1
[2026-01-02T07:48:06.551Z] First ID: 695774a3c9390930ce0ffc6c
[2026-01-02T07:48:37.991Z] Fetching inquiries for User: 69576b3b51436caa46288d39, Role: AGENT, isAdmin: false
[2026-01-02T07:48:37.992Z] Query: {"owner":"69576b3b51436caa46288d39"}
[2026-01-02T07:48:38.122Z] Found: 1
[2026-01-02T07:48:38.122Z] First ID: 695774a3c9390930ce0ffc6c
[2026-01-02T07:48:38.189Z] Fetching inquiries for User: 69576b3b51436caa46288d39, Role: AGENT, isAdmin: false
[2026-01-02T07:48:38.190Z] Query: {"owner":"69576b3b51436caa46288d39"}
[2026-01-02T07:48:38.329Z] Found: 1
[2026-01-02T07:48:38.330Z] First ID: 695774a3c9390930ce0ffc6c
[2026-01-02T07:54:49.730Z] Fetching inquiries for User: 69576b3b51436caa46288d39, Role: AGENT, isAdmin: false
[2026-01-02T07:54:49.731Z] Query: {"owner":"69576b3b51436caa46288d39"}
[2026-01-02T07:54:49.891Z] Found: 1
[2026-01-02T07:54:49.891Z] First ID: 695774a3c9390930ce0ffc6c
[2026-01-02T07:54:49.956Z] Fetching inquiries for User: 69576b3b51436caa46288d39, Role: AGENT, isAdmin: false
[2026-01-02T07:54:49.957Z] Query: {"owner":"69576b3b51436caa46288d39"}
[2026-01-02T07:54:50.083Z] Found: 1
[2026-01-02T07:54:50.084Z] First ID: 695774a3c9390930ce0ffc6c
[2026-01-02T08:02:00.254Z] Fetching inquiries for User: 69576b3b51436caa46288d39, Role: AGENT, isAdmin: false
[2026-01-02T08:02:00.254Z] Query: {"owner":"69576b3b51436caa46288d39"}
[2026-01-02T08:02:00.391Z] Found: 1
[2026-01-02T08:02:00.392Z] First ID: 695774a3c9390930ce0ffc6c
[2026-01-02T08:02:00.470Z] Fetching inquiries for User: 69576b3b51436caa46288d39, Role: AGENT, isAdmin: false
[2026-01-02T08:02:00.471Z] Query: {"owner":"69576b3b51436caa46288d39"}
[2026-01-02T08:02:00.614Z] Found: 1
[2026-01-02T08:02:00.615Z] First ID: 695774a3c9390930ce0ffc6c
[2026-01-04T15:30:07.926Z] Fetching inquiries for User: 69576b3a51436caa46288d36, Role: ADMIN, isAdmin: true
[2026-01-04T15:30:07.927Z] Query: {}
[2026-01-04T15:30:08.075Z] Found: 4
[2026-01-04T15:30:08.075Z] First ID: 695a2a99d83f3bf29f620363
[2026-01-04T15:30:08.302Z] Fetching inquiries for User: 69576b3a51436caa46288d36, Role: ADMIN, isAdmin: true
[2026-01-04T15:30:08.303Z] Query: {}
[2026-01-04T15:30:08.479Z] Found: 4
[2026-01-04T15:30:08.480Z] First ID: 695a2a99d83f3bf29f620363
[2026-01-04T15:30:30.106Z] Fetching inquiries for User: 69576b3a51436caa46288d36, Role: ADMIN, isAdmin: true
[2026-01-04T15:30:30.107Z] Query: {}
[2026-01-04T15:30:30.248Z] Found: 4
[2026-01-04T15:30:30.248Z] First ID: 695a2a99d83f3bf29f620363
[2026-01-04T15:30:30.342Z] Fetching inquiries for User: 69576b3a51436caa46288d36, Role: ADMIN, isAdmin: true
[2026-01-04T15:30:30.343Z] Query: {}
[2026-01-04T15:30:30.485Z] Found: 4
[2026-01-04T15:30:30.485Z] First ID: 695a2a99d83f3bf29f620363
[2026-01-04T15:32:48.326Z] Fetching inquiries for User: 69576b3a51436caa46288d36, Role: ADMIN, isAdmin: true
[2026-01-04T15:32:48.327Z] Query: {}
[2026-01-04T15:32:48.490Z] Found: 4
[2026-01-04T15:32:48.491Z] First ID: 695a2a99d83f3bf29f620363
[2026-01-04T15:32:48.578Z] Fetching inquiries for User: 69576b3a51436caa46288d36, Role: ADMIN, isAdmin: true
[2026-01-04T15:32:48.579Z] Query: {}
[2026-01-04T15:32:48.721Z] Found: 4
[2026-01-04T15:32:48.721Z] First ID: 695a2a99d83f3bf29f620363
